
> next@0.1.0 build
> next build

node.exe : ΓÜá Warning: Next.js 
inferred your workspace root, but 
it may not be correct.
At line:1 char:1
+ & "C:\Program 
Files\nodejs/node.exe" 
"C:\Program Files\nodejs/node_mo 
...
+ ~~~~~~~~~~~~~~~~~~~~~~~~~~~~~~~~
~~~~~~~~~~~~~~~~~~~~~~~~~~~~~~~~~~
~~~
    + CategoryInfo          : 
NotSp    ecified: (ΓÜá Warning: 
Ne...not     be correct.:String) 
[], Remote    Exception
    + FullyQualifiedErrorId : 
Nativ    eCommandError
 
 We detected multiple lockfiles 
and selected the directory of D:\C
ode\deplonix\package-lock.json as 
the root directory.
 To silence this warning, set 
`turbopack.root` in your Next.js 
config, or consider removing one 
of the lockfiles if it's not 
needed.
   See https://nextjs.org/docs/app
/api-reference/config/next-config-
js/turbopack#root-directory for 
more information.
 Detected additional lockfiles: 
   * D:\Code\deplonix\next\package
-lock.json

Γû▓ Next.js 16.1.6 (Turbopack)
- Environments: .env

ΓÜá The "middleware" file 
convention is deprecated. Please 
use "proxy" instead. Learn more: h
ttps://nextjs.org/docs/messages/mi
ddleware-to-proxy
  Creating an optimized production build ...
Γ£ô Compiled successfully in 1527.1ms
  Running TypeScript ...
Failed to compile.

./prisma.config.ts:4:30
Type error: Cannot find module 
'prisma/config' or its 
corresponding type declarations.

[0m [90m 2 |[39m [90m// npm 
install --save-dev prisma 
dotenv[39m
 [90m 3 |[39m [36mimport[39m 
[32m"dotenv/config"[39m[33m;[39
m
[31m[1m>[22m[39m[90m 4 
|[39m [36mimport[39m { 
defineConfig } [36mfrom[39m [32
m"prisma/config"[39m[33m;[39m
 [90m   |[39m                   
           [31m[1m^[22m[39m
 [90m 5 |[39m
 [90m 6 |[39m [36mexport[39m 
[36mdefault[39m defineConfig({
 [90m 7 |[39m   
schema[33m:[39m [32m"prisma/sch
ema.prisma"[39m[33m,[39m[0m
Next.js build worker exited with 
code: 1 and signal: null
